# JRE version: OpenJDK Runtime Environment (8.0_242-b01) (build 1.8.0_242-release-1644-b01)
# Java VM: OpenJDK 64-Bit Server VM (25.242-b01 mixed mode windows-amd64 compressed oops)
Heap:
 PSYoungGen      total 119296K, used 93350K [0x00000000d5580000, 0x00000000dd600000, 0x0000000100000000)
  eden space 108032K, 77% used [0x00000000d5580000,0x00000000da750268,0x00000000dbf00000)
  from space 11264K, 84% used [0x00000000dcb00000,0x00000000dd459838,0x00000000dd600000)
  to   space 11776K, 0% used [0x00000000dbf00000,0x00000000dbf00000,0x00000000dca80000)
 ParOldGen       total 93184K, used 14778K [0x0000000080000000, 0x0000000085b00000, 0x00000000d5580000)
  object space 93184K, 15% used [0x0000000080000000,0x0000000080e6e8c8,0x0000000085b00000)
 Metaspace       used 45694K, capacity 47606K, committed 47912K, reserved 1091584K
  class space    used 6183K, capacity 6577K, committed 6704K, reserved 1048576K
GC Heap History (10 events):
Event: 2.444 GC heap before
{Heap before GC invocations=6 (full 1):
 PSYoungGen      total 75776K, used 65024K [0x00000000d5580000, 0x00000000daa00000, 0x0000000100000000)
  eden space 65024K, 100% used [0x00000000d5580000,0x00000000d9500000,0x00000000d9500000)
  from space 10752K, 0% used [0x00000000d9f80000,0x00000000d9f80000,0x00000000daa00000)
  to   space 10752K, 0% used [0x00000000d9500000,0x00000000d9500000,0x00000000d9f80000)
 ParOldGen       total 93184K, used 7155K [0x0000000080000000, 0x0000000085b00000, 0x00000000d5580000)
  object space 93184K, 7% used [0x0000000080000000,0x00000000806fcd30,0x0000000085b00000)
 Metaspace       used 28504K, capacity 29380K, committed 29616K, reserved 1075200K
  class space    used 3946K, capacity 4188K, committed 4272K, reserved 1048576K
Event: 2.449 GC heap after
Heap after GC invocations=6 (full 1):
 PSYoungGen      total 75776K, used 8300K [0x00000000d5580000, 0x00000000dd680000, 0x0000000100000000)
  eden space 65024K, 0% used [0x00000000d5580000,0x00000000d5580000,0x00000000d9500000)
  from space 10752K, 77% used [0x00000000d9500000,0x00000000d9d1b1a0,0x00000000d9f80000)
  to   space 11776K, 0% used [0x00000000dcb00000,0x00000000dcb00000,0x00000000dd680000)
 ParOldGen       total 93184K, used 7163K [0x0000000080000000, 0x0000000085b00000, 0x00000000d5580000)
  object space 93184K, 7% used [0x0000000080000000,0x00000000806fed30,0x0000000085b00000)
 Metaspace       used 28504K, capacity 29380K, committed 29616K, reserved 1075200K
  class space    used 3946K, capacity 4188K, committed 4272K, reserved 1048576K
}
Event: 2.829 GC heap before
{Heap before GC invocations=7 (full 1):
 PSYoungGen      total 75776K, used 73324K [0x00000000d5580000, 0x00000000dd680000, 0x0000000100000000)
  eden space 65024K, 100% used [0x00000000d5580000,0x00000000d9500000,0x00000000d9500000)
  from space 10752K, 77% used [0x00000000d9500000,0x00000000d9d1b1a0,0x00000000d9f80000)
  to   space 11776K, 0% used [0x00000000dcb00000,0x00000000dcb00000,0x00000000dd680000)
 ParOldGen       total 93184K, used 7163K [0x0000000080000000, 0x0000000085b00000, 0x00000000d5580000)
  object space 93184K, 7% used [0x0000000080000000,0x00000000806fed30,0x0000000085b00000)
 Metaspace       used 32693K, capacity 33706K, committed 33968K, reserved 1079296K
  class space    used 4468K, capacity 4719K, committed 4784K, reserved 1048576K
Event: 2.835 GC heap after
Heap after GC invocations=7 (full 1):
 PSYoungGen      total 119296K, used 9218K [0x00000000d5580000, 0x00000000dd600000, 0x0000000100000000)
  eden space 108032K, 0% used [0x00000000d5580000,0x00000000d5580000,0x00000000dbf00000)
  from space 11264K, 81% used [0x00000000dcb00000,0x00000000dd4008e0,0x00000000dd600000)
  to   space 11776K, 0% used [0x00000000dbf00000,0x00000000dbf00000,0x00000000dca80000)
 ParOldGen       total 93184K, used 7171K [0x0000000080000000, 0x0000000085b00000, 0x00000000d5580000)
  object space 93184K, 7% used [0x0000000080000000,0x0000000080700d30,0x0000000085b00000)
 Metaspace       used 32693K, capacity 33706K, committed 33968K, reserved 1079296K
  class space    used 4468K, capacity 4719K, committed 4784K, reserved 1048576K
}
Event: 2.996 GC heap before
{Heap before GC invocations=8 (full 1):
 PSYoungGen      total 119296K, used 43369K [0x00000000d5580000, 0x00000000dd600000, 0x0000000100000000)
  eden space 108032K, 31% used [0x00000000d5580000,0x00000000d76d9d08,0x00000000dbf00000)
  from space 11264K, 81% used [0x00000000dcb00000,0x00000000dd4008e0,0x00000000dd600000)
  to   space 11776K, 0% used [0x00000000dbf00000,0x00000000dbf00000,0x00000000dca80000)
 ParOldGen       total 93184K, used 7171K [0x0000000080000000, 0x0000000085b00000, 0x00000000d5580000)
  object space 93184K, 7% used [0x0000000080000000,0x0000000080700d30,0x0000000085b00000)
 Metaspace       used 34338K, capacity 35420K, committed 35496K, reserved 1079296K
  class space    used 4726K, capacity 5003K, committed 5040K, reserved 1048576K
Event: 3.001 GC heap after
Heap after GC invocations=8 (full 1):
 PSYoungGen      total 119808K, used 8469K [0x00000000d5580000, 0x00000000dd600000, 0x0000000100000000)
  eden space 108032K, 0% used [0x00000000d5580000,0x00000000d5580000,0x00000000dbf00000)
  from space 11776K, 71% used [0x00000000dbf00000,0x00000000dc7456b8,0x00000000dca80000)
  to   space 11264K, 0% used [0x00000000dcb00000,0x00000000dcb00000,0x00000000dd600000)
 ParOldGen       total 93184K, used 7179K [0x0000000080000000, 0x0000000085b00000, 0x00000000d5580000)
  object space 93184K, 7% used [0x0000000080000000,0x0000000080702d30,0x0000000085b00000)
 Metaspace       used 34338K, capacity 35420K, committed 35496K, reserved 1079296K
  class space    used 4726K, capacity 5003K, committed 5040K, reserved 1048576K
}
Event: 3.001 GC heap before
{Heap before GC invocations=9 (full 2):
 PSYoungGen      total 119808K, used 8469K [0x00000000d5580000, 0x00000000dd600000, 0x0000000100000000)
  eden space 108032K, 0% used [0x00000000d5580000,0x00000000d5580000,0x00000000dbf00000)
  from space 11776K, 71% used [0x00000000dbf00000,0x00000000dc7456b8,0x00000000dca80000)
  to   space 11264K, 0% used [0x00000000dcb00000,0x00000000dcb00000,0x00000000dd600000)
 ParOldGen       total 93184K, used 7179K [0x0000000080000000, 0x0000000085b00000, 0x00000000d5580000)
  object space 93184K, 7% used [0x0000000080000000,0x0000000080702d30,0x0000000085b00000)
 Metaspace       used 34338K, capacity 35420K, committed 35496K, reserved 1079296K
  class space    used 4726K, capacity 5003K, committed 5040K, reserved 1048576K
Event: 3.026 GC heap after
Heap after GC invocations=9 (full 2):
 PSYoungGen      total 119808K, used 0K [0x00000000d5580000, 0x00000000dd600000, 0x0000000100000000)
  eden space 108032K, 0% used [0x00000000d5580000,0x00000000d5580000,0x00000000dbf00000)
  from space 11776K, 0% used [0x00000000dbf00000,0x00000000dbf00000,0x00000000dca80000)
  to   space 11264K, 0% used [0x00000000dcb00000,0x00000000dcb00000,0x00000000dd600000)
 ParOldGen       total 93184K, used 14770K [0x0000000080000000, 0x0000000085b00000, 0x00000000d5580000)
  object space 93184K, 15% used [0x0000000080000000,0x0000000080e6c8c8,0x0000000085b00000)
 Metaspace       used 34338K, capacity 35420K, committed 35496K, reserved 1079296K
  class space    used 4726K, capacity 5003K, committed 5040K, reserved 1048576K
}
Event: 4.144 GC heap before
{Heap before GC invocations=10 (full 2):
 PSYoungGen      total 119808K, used 108032K [0x00000000d5580000, 0x00000000dd600000, 0x0000000100000000)
  eden space 108032K, 100% used [0x00000000d5580000,0x00000000dbf00000,0x00000000dbf00000)
  from space 11776K, 0% used [0x00000000dbf00000,0x00000000dbf00000,0x00000000dca80000)
  to   space 11264K, 0% used [0x00000000dcb00000,0x00000000dcb00000,0x00000000dd600000)
 ParOldGen       total 93184K, used 14770K [0x0000000080000000, 0x0000000085b00000, 0x00000000d5580000)
  object space 93184K, 15% used [0x0000000080000000,0x0000000080e6c8c8,0x0000000085b00000)
 Metaspace       used 36904K, capacity 38540K, committed 38824K, reserved 1083392K
  class space    used 5082K, capacity 5433K, committed 5552K, reserved 1048576K
Event: 4.149 GC heap after
Heap after GC invocations=10 (full 2):
 PSYoungGen      total 119296K, used 9574K [0x00000000d5580000, 0x00000000dd600000, 0x0000000100000000)
  eden space 108032K, 0% used [0x00000000d5580000,0x00000000d5580000,0x00000000dbf00000)
  from space 11264K, 84% used [0x00000000dcb00000,0x00000000dd459838,0x00000000dd600000)
  to   space 11776K, 0% used [0x00000000dbf00000,0x00000000dbf00000,0x00000000dca80000)
 ParOldGen       total 93184K, used 14778K [0x0000000080000000, 0x0000000085b00000, 0x00000000d5580000)
  object space 93184K, 15% used [0x0000000080000000,0x0000000080e6e8c8,0x0000000085b00000)
 Metaspace       used 36904K, capacity 38540K, committed 38824K, reserved 1083392K
  class space    used 5082K, capacity 5433K, committed 5552K, reserved 1048576K
}

